<?xml version="1.0" encoding="UTF-8"?>
<!-- Generated by org.testng.reporters.JUnitReportReporter -->
<testsuite hostname="TXCHD-LAP-144" failures="0" tests="4" name="files.DynamicJson" time="4.193" errors="0" timestamp="2021-07-22T18:25:12 IST" skipped="0">
  <testcase classname="files.DynamicJson" name="addbook" time="0.585"/>
  <system-out/>
  <testcase classname="files.DynamicJson" name="addbook" time="0.413"/>
  <system-out/>
  <testcase classname="files.DynamicJson" name="addbook" time="0.575"/>
  <system-out/>
  <testcase classname="files.DynamicJson" name="addbook" time="2.620"/>
  <system-out/>
</testsuite> <!-- files.DynamicJson -->
