<?xml version="1.0" encoding="UTF-8"?>
<!-- Generated by org.testng.reporters.JUnitReportReporter -->
<testsuite hostname="TXCHD-LAP-144" failures="0" tests="1" name="validateSum" time="1.013" errors="0" timestamp="2021-07-20T20:24:33 IST" skipped="0">
  <testcase classname="validateSum" name="sumOfCourses" time="1.013"/>
  <system-out/>
</testsuite> <!-- validateSum -->
